# JRE version: OpenJDK Runtime Environment (8.0_212-b04) (build 1.8.0_212-release-1586-b04)
# Java VM: OpenJDK 64-Bit Server VM (25.212-b04 mixed mode windows-amd64 compressed oops)
Heap:
 PSYoungGen      total 331264K, used 250113K [0x00000000e0000000, 0x0000000100000000, 0x0000000100000000)
  eden space 225280K, 64% used [0x00000000e0000000,0x00000000e8ce2900,0x00000000edc00000)
  from space 105984K, 99% used [0x00000000ee380000,0x00000000f4addc78,0x00000000f4b00000)
  to   space 152064K, 0% used [0x00000000f6b80000,0x00000000f6b80000,0x0000000100000000)
 ParOldGen       total 353280K, used 175973K [0x00000000a0000000, 0x00000000b5900000, 0x00000000e0000000)
  object space 353280K, 49% used [0x00000000a0000000,0x00000000aabd9410,0x00000000b5900000)
 Metaspace       used 99731K, capacity 106484K, committed 107176K, reserved 1142784K
  class space    used 12726K, capacity 13887K, committed 13992K, reserved 1048576K
GC Heap History (10 events):
Event: 3739.088 GC heap before
{Heap before GC invocations=31 (full 5):
 PSYoungGen      total 325120K, used 270848K [0x00000000e0000000, 0x00000000f9980000, 0x0000000100000000)
  eden space 270848K, 100% used [0x00000000e0000000,0x00000000f0880000,0x00000000f0880000)
  from space 54272K, 0% used [0x00000000f1200000,0x00000000f1200000,0x00000000f4700000)
  to   space 74240K, 0% used [0x00000000f5100000,0x00000000f5100000,0x00000000f9980000)
 ParOldGen       total 315904K, used 141919K [0x00000000a0000000, 0x00000000b3480000, 0x00000000e0000000)
  object space 315904K, 44% used [0x00000000a0000000,0x00000000a8a97da8,0x00000000b3480000)
 Metaspace       used 99362K, capacity 106184K, committed 106920K, reserved 1142784K
  class space    used 12722K, capacity 13885K, committed 13992K, reserved 1048576K
Event: 3739.109 GC heap after
Heap after GC invocations=31 (full 5):
 PSYoungGen      total 322560K, used 37715K [0x00000000e0000000, 0x00000000f8c80000, 0x0000000100000000)
  eden space 261632K, 0% used [0x00000000e0000000,0x00000000e0000000,0x00000000eff80000)
  from space 60928K, 61% used [0x00000000f5100000,0x00000000f75d4d98,0x00000000f8c80000)
  to   space 72192K, 0% used [0x00000000eff80000,0x00000000eff80000,0x00000000f4600000)
 ParOldGen       total 315904K, used 141927K [0x00000000a0000000, 0x00000000b3480000, 0x00000000e0000000)
  object space 315904K, 44% used [0x00000000a0000000,0x00000000a8a99da8,0x00000000b3480000)
 Metaspace       used 99362K, capacity 106184K, committed 106920K, reserved 1142784K
  class space    used 12722K, capacity 13885K, committed 13992K, reserved 1048576K
}
Event: 3868.497 GC heap before
{Heap before GC invocations=32 (full 5):
 PSYoungGen      total 322560K, used 278483K [0x00000000e0000000, 0x00000000f8c80000, 0x0000000100000000)
  eden space 261632K, 92% used [0x00000000e0000000,0x00000000eeb201c8,0x00000000eff80000)
  from space 60928K, 61% used [0x00000000f5100000,0x00000000f75d4d98,0x00000000f8c80000)
  to   space 72192K, 0% used [0x00000000eff80000,0x00000000eff80000,0x00000000f4600000)
 ParOldGen       total 315904K, used 165712K [0x00000000a0000000, 0x00000000b3480000, 0x00000000e0000000)
  object space 315904K, 52% used [0x00000000a0000000,0x00000000aa1d4170,0x00000000b3480000)
 Metaspace       used 99496K, capacity 106326K, committed 106920K, reserved 1142784K
  class space    used 12722K, capacity 13886K, committed 13992K, reserved 1048576K
Event: 3868.521 GC heap after
Heap after GC invocations=32 (full 5):
 PSYoungGen      total 325120K, used 72173K [0x00000000e0000000, 0x00000000fe500000, 0x0000000100000000)
  eden space 252928K, 0% used [0x00000000e0000000,0x00000000e0000000,0x00000000ef700000)
  from space 72192K, 99% used [0x00000000eff80000,0x00000000f45fb4c0,0x00000000f4600000)
  to   space 121856K, 0% used [0x00000000f6e00000,0x00000000f6e00000,0x00000000fe500000)
 ParOldGen       total 315904K, used 270883K [0x00000000a0000000, 0x00000000b3480000, 0x00000000e0000000)
  object space 315904K, 85% used [0x00000000a0000000,0x00000000b0888ed8,0x00000000b3480000)
 Metaspace       used 99496K, capacity 106326K, committed 106920K, reserved 1142784K
  class space    used 12722K, capacity 13886K, committed 13992K, reserved 1048576K
}
Event: 3868.522 GC heap before
{Heap before GC invocations=33 (full 6):
 PSYoungGen      total 325120K, used 72173K [0x00000000e0000000, 0x00000000fe500000, 0x0000000100000000)
  eden space 252928K, 0% used [0x00000000e0000000,0x00000000e0000000,0x00000000ef700000)
  from space 72192K, 99% used [0x00000000eff80000,0x00000000f45fb4c0,0x00000000f4600000)
  to   space 121856K, 0% used [0x00000000f6e00000,0x00000000f6e00000,0x00000000fe500000)
 ParOldGen       total 315904K, used 270883K [0x00000000a0000000, 0x00000000b3480000, 0x00000000e0000000)
  object space 315904K, 85% used [0x00000000a0000000,0x00000000b0888ed8,0x00000000b3480000)
 Metaspace       used 99496K, capacity 106326K, committed 106920K, reserved 1142784K
  class space    used 12722K, capacity 13886K, committed 13992K, reserved 1048576K
Event: 3868.644 GC heap after
Heap after GC invocations=33 (full 6):
 PSYoungGen      total 325120K, used 0K [0x00000000e0000000, 0x00000000fe500000, 0x0000000100000000)
  eden space 252928K, 0% used [0x00000000e0000000,0x00000000e0000000,0x00000000ef700000)
  from space 72192K, 0% used [0x00000000eff80000,0x00000000eff80000,0x00000000f4600000)
  to   space 121856K, 0% used [0x00000000f6e00000,0x00000000f6e00000,0x00000000fe500000)
 ParOldGen       total 353280K, used 151173K [0x00000000a0000000, 0x00000000b5900000, 0x00000000e0000000)
  object space 353280K, 42% used [0x00000000a0000000,0x00000000a93a1780,0x00000000b5900000)
 Metaspace       used 99496K, capacity 106326K, committed 106920K, reserved 1142784K
  class space    used 12722K, capacity 13886K, committed 13992K, reserved 1048576K
}
Event: 4106.272 GC heap before
{Heap before GC invocations=34 (full 6):
 PSYoungGen      total 325120K, used 252928K [0x00000000e0000000, 0x00000000fe500000, 0x0000000100000000)
  eden space 252928K, 100% used [0x00000000e0000000,0x00000000ef700000,0x00000000ef700000)
  from space 72192K, 0% used [0x00000000eff80000,0x00000000eff80000,0x00000000f4600000)
  to   space 121856K, 0% used [0x00000000f6e00000,0x00000000f6e00000,0x00000000fe500000)
 ParOldGen       total 353280K, used 174963K [0x00000000a0000000, 0x00000000b5900000, 0x00000000e0000000)
  object space 353280K, 49% used [0x00000000a0000000,0x00000000aaadcc98,0x00000000b5900000)
 Metaspace       used 99564K, capacity 106334K, committed 106920K, reserved 1142784K
  class space    used 12723K, capacity 13886K, committed 13992K, reserved 1048576K
Event: 4106.328 GC heap after
Heap after GC invocations=34 (full 6):
 PSYoungGen      total 354816K, used 121629K [0x00000000e0000000, 0x0000000100000000, 0x0000000100000000)
  eden space 232960K, 0% used [0x00000000e0000000,0x00000000e0000000,0x00000000ee380000)
  from space 121856K, 99% used [0x00000000f6e00000,0x00000000fe4c7610,0x00000000fe500000)
  to   space 141824K, 0% used [0x00000000ee380000,0x00000000ee380000,0x00000000f6e00000)
 ParOldGen       total 353280K, used 175965K [0x00000000a0000000, 0x00000000b5900000, 0x00000000e0000000)
  object space 353280K, 49% used [0x00000000a0000000,0x00000000aabd7410,0x00000000b5900000)
 Metaspace       used 99564K, capacity 106334K, committed 106920K, reserved 1142784K
  class space    used 12723K, capacity 13886K, committed 13992K, reserved 1048576K
}
Event: 4706.712 GC heap before
{Heap before GC invocations=35 (full 6):
 PSYoungGen      total 354816K, used 354589K [0x00000000e0000000, 0x0000000100000000, 0x0000000100000000)
  eden space 232960K, 100% used [0x00000000e0000000,0x00000000ee380000,0x00000000ee380000)
  from space 121856K, 99% used [0x00000000f6e00000,0x00000000fe4c7610,0x00000000fe500000)
  to   space 141824K, 0% used [0x00000000ee380000,0x00000000ee380000,0x00000000f6e00000)
 ParOldGen       total 353280K, used 175965K [0x00000000a0000000, 0x00000000b5900000, 0x00000000e0000000)
  object space 353280K, 49% used [0x00000000a0000000,0x00000000aabd7410,0x00000000b5900000)
 Metaspace       used 99657K, capacity 106472K, committed 107176K, reserved 1142784K
  class space    used 12726K, capacity 13887K, committed 13992K, reserved 1048576K
Event: 4706.776 GC heap after
Heap after GC invocations=35 (full 6):
 PSYoungGen      total 331264K, used 105847K [0x00000000e0000000, 0x0000000100000000, 0x0000000100000000)
  eden space 225280K, 0% used [0x00000000e0000000,0x00000000e0000000,0x00000000edc00000)
  from space 105984K, 99% used [0x00000000ee380000,0x00000000f4addc78,0x00000000f4b00000)
  to   space 152064K, 0% used [0x00000000f6b80000,0x00000000f6b80000,0x0000000100000000)
 ParOldGen       total 353280K, used 175973K [0x00000000a0000000, 0x00000000b5900000, 0x00000000e0000000)
  object space 353280K, 49% used [0x00000000a0000000,0x00000000aabd9410,0x00000000b5900000)
 Metaspace       used 99657K, capacity 106472K, committed 107176K, reserved 1142784K
  class space    used 12726K, capacity 13887K, committed 13992K, reserved 1048576K
}

